<?xml version="1.0" encoding="UTF-8"?>
<!-- Generated by org.testng.reporters.JUnitReportReporter -->
<testsuite skipped="0" hostname="DESKTOP-EBR6J3H" name="com.yonyou.CaseAction.KeyWords" tests="1" failures="0" timestamp="2019-11-18T19:04:26 CST" time="8.309" errors="0">
  <testcase name="test" time="8.309" classname="com.yonyou.CaseAction.KeyWords"/>
</testsuite> <!-- com.yonyou.CaseAction.KeyWords -->
