<?xml version="1.0" encoding="UTF-8"?>
<!-- Generated by org.testng.reporters.JUnitReportReporter -->
<testsuite skipped="0" hostname="DESKTOP-EBR6J3H" name="test.NewTest" tests="1" failures="0" timestamp="2019-11-16T13:09:15 CST" time="8.282" errors="0">
  <testcase name="f" time="8.282" classname="test.NewTest"/>
</testsuite> <!-- test.NewTest -->
