<?xml version="1.0" encoding="UTF-8"?>
<!-- Generated by org.testng.reporters.JUnitReportReporter -->
<testsuite skipped="0" hostname="DESKTOP-EBR6J3H" name="test.ExcelReader" tests="1" failures="0" timestamp="2019-11-17T15:40:17 CST" time="0.146" errors="0">
  <testcase name="test" time="0.146" classname="test.ExcelReader"/>
</testsuite> <!-- test.ExcelReader -->
