<?xml version="1.0" encoding="UTF-8"?>
<!-- Generated by org.testng.reporters.JUnitReportReporter -->
<testsuite skipped="0" hostname="DESKTOP-EBR6J3H" name="test.NewTest1" tests="57" failures="0" timestamp="2019-11-21T22:03:09 CST" time="72.925" errors="0">
  <testcase name="f" time="0.018" classname="test.NewTest1"/>
  <testcase name="f" time="0.000" classname="test.NewTest1"/>
  <testcase name="f" time="1.013" classname="test.NewTest1"/>
  <testcase name="f" time="0.528" classname="test.NewTest1"/>
  <testcase name="f" time="7.659" classname="test.NewTest1"/>
  <testcase name="f" time="2.036" classname="test.NewTest1"/>
  <testcase name="f" time="1.015" classname="test.NewTest1"/>
  <testcase name="f" time="2.024" classname="test.NewTest1"/>
  <testcase name="f" time="2.108" classname="test.NewTest1"/>
  <testcase name="f" time="1.016" classname="test.NewTest1"/>
  <testcase name="f" time="2.048" classname="test.NewTest1"/>
  <testcase name="f" time="0.023" classname="test.NewTest1"/>
  <testcase name="f" time="2.088" classname="test.NewTest1"/>
  <testcase name="f" time="2.104" classname="test.NewTest1"/>
  <testcase name="f" time="0.016" classname="test.NewTest1"/>
  <testcase name="f" time="2.024" classname="test.NewTest1"/>
  <testcase name="f" time="0.018" classname="test.NewTest1"/>
  <testcase name="f" time="2.063" classname="test.NewTest1"/>
  <testcase name="f" time="2.083" classname="test.NewTest1"/>
  <testcase name="f" time="0.019" classname="test.NewTest1"/>
  <testcase name="f" time="2.061" classname="test.NewTest1"/>
  <testcase name="f" time="0.000" classname="test.NewTest1"/>
  <testcase name="f" time="2.048" classname="test.NewTest1"/>
  <testcase name="f" time="0.001" classname="test.NewTest1"/>
  <testcase name="f" time="2.032" classname="test.NewTest1"/>
  <testcase name="f" time="0.020" classname="test.NewTest1"/>
  <testcase name="f" time="3.013" classname="test.NewTest1"/>
  <testcase name="f" time="0.528" classname="test.NewTest1"/>
  <testcase name="f" time="0.528" classname="test.NewTest1"/>
  <testcase name="f" time="0.018" classname="test.NewTest1"/>
  <testcase name="f" time="0.531" classname="test.NewTest1"/>
  <testcase name="f" time="2.109" classname="test.NewTest1"/>
  <testcase name="f" time="2.058" classname="test.NewTest1"/>
  <testcase name="f" time="0.016" classname="test.NewTest1"/>
  <testcase name="f" time="0.081" classname="test.NewTest1"/>
  <testcase name="f" time="2.150" classname="test.NewTest1"/>
  <testcase name="f" time="2.056" classname="test.NewTest1"/>
  <testcase name="f" time="0.000" classname="test.NewTest1"/>
  <testcase name="f" time="0.527" classname="test.NewTest1"/>
  <testcase name="f" time="0.022" classname="test.NewTest1"/>
  <testcase name="f" time="0.019" classname="test.NewTest1"/>
  <testcase name="f" time="2.051" classname="test.NewTest1"/>
  <testcase name="f" time="0.069" classname="test.NewTest1"/>
  <testcase name="f" time="2.069" classname="test.NewTest1"/>
  <testcase name="f" time="0.000" classname="test.NewTest1"/>
  <testcase name="f" time="6.091" classname="test.NewTest1"/>
  <testcase name="f" time="2.046" classname="test.NewTest1"/>
  <testcase name="f" time="0.526" classname="test.NewTest1"/>
  <testcase name="f" time="0.019" classname="test.NewTest1"/>
  <testcase name="f" time="2.038" classname="test.NewTest1"/>
  <testcase name="f" time="2.051" classname="test.NewTest1"/>
  <testcase name="f" time="0.018" classname="test.NewTest1"/>
  <testcase name="f" time="0.021" classname="test.NewTest1"/>
  <testcase name="f" time="2.127" classname="test.NewTest1"/>
  <testcase name="f" time="0.000" classname="test.NewTest1"/>
  <testcase name="f" time="2.017" classname="test.NewTest1"/>
  <testcase name="f" time="2.061" classname="test.NewTest1"/>
</testsuite> <!-- test.NewTest1 -->
