<?xml version="1.0" encoding="UTF-8"?>
<!-- Generated by org.testng.reporters.JUnitReportReporter -->
<testsuite skipped="0" hostname="DESKTOP-EBR6J3H" name="com.yonyou.service.TestCaseService" tests="210" failures="0" timestamp="2019-11-23T21:36:11 CST" time="339.101" errors="0">
  <testcase name="run" time="2.030" classname="com.yonyou.service.TestCaseService"/>
  <testcase name="run" time="2.047" classname="com.yonyou.service.TestCaseService"/>
  <testcase name="run" time="2.073" classname="com.yonyou.service.TestCaseService"/>
  <testcase name="run" time="0.024" classname="com.yonyou.service.TestCaseService"/>
  <testcase name="run" time="0.017" classname="com.yonyou.service.TestCaseService"/>
  <testcase name="run" time="1.015" classname="com.yonyou.service.TestCaseService"/>
  <testcase name="run" time="2.047" classname="com.yonyou.service.TestCaseService"/>
  <testcase name="run" time="0.526" classname="com.yonyou.service.TestCaseService"/>
  <testcase name="run" time="2.112" classname="com.yonyou.service.TestCaseService"/>
  <testcase name="run" time="6.106" classname="com.yonyou.service.TestCaseService"/>
  <testcase name="run" time="2.070" classname="com.yonyou.service.TestCaseService"/>
  <testcase name="run" time="2.038" classname="com.yonyou.service.TestCaseService"/>
  <testcase name="run" time="2.023" classname="com.yonyou.service.TestCaseService"/>
  <testcase name="run" time="6.143" classname="com.yonyou.service.TestCaseService"/>
  <testcase name="run" time="0.526" classname="com.yonyou.service.TestCaseService"/>
  <testcase name="run" time="2.927" classname="com.yonyou.service.TestCaseService"/>
  <testcase name="run" time="7.659" classname="com.yonyou.service.TestCaseService"/>
  <testcase name="run" time="2.086" classname="com.yonyou.service.TestCaseService"/>
  <testcase name="run" time="1.015" classname="com.yonyou.service.TestCaseService"/>
  <testcase name="run" time="1.014" classname="com.yonyou.service.TestCaseService"/>
  <testcase name="run" time="6.062" classname="com.yonyou.service.TestCaseService"/>
  <testcase name="run" time="2.111" classname="com.yonyou.service.TestCaseService"/>
  <testcase name="run" time="2.066" classname="com.yonyou.service.TestCaseService"/>
  <testcase name="run" time="2.034" classname="com.yonyou.service.TestCaseService"/>
  <testcase name="run" time="2.057" classname="com.yonyou.service.TestCaseService"/>
  <testcase name="run" time="0.015" classname="com.yonyou.service.TestCaseService"/>
  <testcase name="run" time="0.018" classname="com.yonyou.service.TestCaseService"/>
  <testcase name="run" time="0.015" classname="com.yonyou.service.TestCaseService"/>
  <testcase name="run" time="1.015" classname="com.yonyou.service.TestCaseService"/>
  <testcase name="run" time="0.556" classname="com.yonyou.service.TestCaseService"/>
  <testcase name="run" time="0.017" classname="com.yonyou.service.TestCaseService"/>
  <testcase name="run" time="2.042" classname="com.yonyou.service.TestCaseService"/>
  <testcase name="run" time="0.024" classname="com.yonyou.service.TestCaseService"/>
  <testcase name="run" time="2.051" classname="com.yonyou.service.TestCaseService"/>
  <testcase name="run" time="0.018" classname="com.yonyou.service.TestCaseService"/>
  <testcase name="run" time="0.000" classname="com.yonyou.service.TestCaseService"/>
  <testcase name="run" time="0.103" classname="com.yonyou.service.TestCaseService"/>
  <testcase name="run" time="2.069" classname="com.yonyou.service.TestCaseService"/>
  <testcase name="run" time="2.063" classname="com.yonyou.service.TestCaseService"/>
  <testcase name="run" time="2.107" classname="com.yonyou.service.TestCaseService"/>
  <testcase name="run" time="2.078" classname="com.yonyou.service.TestCaseService"/>
  <testcase name="run" time="2.064" classname="com.yonyou.service.TestCaseService"/>
  <testcase name="run" time="0.000" classname="com.yonyou.service.TestCaseService"/>
  <testcase name="run" time="1.015" classname="com.yonyou.service.TestCaseService"/>
  <testcase name="run" time="6.049" classname="com.yonyou.service.TestCaseService"/>
  <testcase name="run" time="2.031" classname="com.yonyou.service.TestCaseService"/>
  <testcase name="run" time="2.039" classname="com.yonyou.service.TestCaseService"/>
  <testcase name="run" time="2.069" classname="com.yonyou.service.TestCaseService"/>
  <testcase name="run" time="2.030" classname="com.yonyou.service.TestCaseService"/>
  <testcase name="run" time="2.061" classname="com.yonyou.service.TestCaseService"/>
  <testcase name="run" time="2.052" classname="com.yonyou.service.TestCaseService"/>
  <testcase name="run" time="2.064" classname="com.yonyou.service.TestCaseService"/>
  <testcase name="run" time="0.047" classname="com.yonyou.service.TestCaseService"/>
  <testcase name="run" time="2.048" classname="com.yonyou.service.TestCaseService"/>
  <testcase name="run" time="2.093" classname="com.yonyou.service.TestCaseService"/>
  <testcase name="run" time="0.074" classname="com.yonyou.service.TestCaseService"/>
  <testcase name="run" time="2.052" classname="com.yonyou.service.TestCaseService"/>
  <testcase name="run" time="2.051" classname="com.yonyou.service.TestCaseService"/>
  <testcase name="run" time="1.015" classname="com.yonyou.service.TestCaseService"/>
  <testcase name="run" time="0.077" classname="com.yonyou.service.TestCaseService"/>
  <testcase name="run" time="0.018" classname="com.yonyou.service.TestCaseService"/>
  <testcase name="run" time="2.031" classname="com.yonyou.service.TestCaseService"/>
  <testcase name="run" time="2.939" classname="com.yonyou.service.TestCaseService"/>
  <testcase name="run" time="6.038" classname="com.yonyou.service.TestCaseService"/>
  <testcase name="run" time="0.019" classname="com.yonyou.service.TestCaseService"/>
  <testcase name="run" time="6.064" classname="com.yonyou.service.TestCaseService"/>
  <testcase name="run" time="0.020" classname="com.yonyou.service.TestCaseService"/>
  <testcase name="run" time="0.592" classname="com.yonyou.service.TestCaseService"/>
  <testcase name="run" time="2.064" classname="com.yonyou.service.TestCaseService"/>
  <testcase name="run" time="2.107" classname="com.yonyou.service.TestCaseService"/>
  <testcase name="run" time="7.091" classname="com.yonyou.service.TestCaseService"/>
  <testcase name="run" time="0.528" classname="com.yonyou.service.TestCaseService"/>
  <testcase name="run" time="2.063" classname="com.yonyou.service.TestCaseService"/>
  <testcase name="run" time="0.019" classname="com.yonyou.service.TestCaseService"/>
  <testcase name="run" time="2.023" classname="com.yonyou.service.TestCaseService"/>
  <testcase name="run" time="0.018" classname="com.yonyou.service.TestCaseService"/>
  <testcase name="run" time="2.040" classname="com.yonyou.service.TestCaseService"/>
  <testcase name="run" time="2.031" classname="com.yonyou.service.TestCaseService"/>
  <testcase name="run" time="2.040" classname="com.yonyou.service.TestCaseService"/>
  <testcase name="run" time="0.531" classname="com.yonyou.service.TestCaseService"/>
  <testcase name="run" time="2.134" classname="com.yonyou.service.TestCaseService"/>
  <testcase name="run" time="2.053" classname="com.yonyou.service.TestCaseService"/>
  <testcase name="run" time="2.027" classname="com.yonyou.service.TestCaseService"/>
  <testcase name="run" time="0.014" classname="com.yonyou.service.TestCaseService"/>
  <testcase name="run" time="2.062" classname="com.yonyou.service.TestCaseService"/>
  <testcase name="run" time="2.083" classname="com.yonyou.service.TestCaseService"/>
  <testcase name="run" time="2.031" classname="com.yonyou.service.TestCaseService"/>
  <testcase name="run" time="2.071" classname="com.yonyou.service.TestCaseService"/>
  <testcase name="run" time="2.021" classname="com.yonyou.service.TestCaseService"/>
  <testcase name="run" time="2.067" classname="com.yonyou.service.TestCaseService"/>
  <testcase name="run" time="2.074" classname="com.yonyou.service.TestCaseService"/>
  <testcase name="run" time="2.127" classname="com.yonyou.service.TestCaseService"/>
  <testcase name="run" time="0.019" classname="com.yonyou.service.TestCaseService"/>
  <testcase name="run" time="0.019" classname="com.yonyou.service.TestCaseService"/>
  <testcase name="run" time="2.038" classname="com.yonyou.service.TestCaseService"/>
  <testcase name="run" time="0.023" classname="com.yonyou.service.TestCaseService"/>
  <testcase name="run" time="2.107" classname="com.yonyou.service.TestCaseService"/>
  <testcase name="run" time="0.527" classname="com.yonyou.service.TestCaseService"/>
  <testcase name="run" time="2.032" classname="com.yonyou.service.TestCaseService"/>
  <testcase name="run" time="2.031" classname="com.yonyou.service.TestCaseService"/>
  <testcase name="run" time="2.125" classname="com.yonyou.service.TestCaseService"/>
  <testcase name="run" time="2.056" classname="com.yonyou.service.TestCaseService"/>
  <testcase name="run" time="0.526" classname="com.yonyou.service.TestCaseService"/>
  <testcase name="run" time="2.073" classname="com.yonyou.service.TestCaseService"/>
  <testcase name="run" time="0.016" classname="com.yonyou.service.TestCaseService"/>
  <testcase name="run" time="2.049" classname="com.yonyou.service.TestCaseService"/>
  <testcase name="run" time="2.046" classname="com.yonyou.service.TestCaseService"/>
  <testcase name="run" time="2.038" classname="com.yonyou.service.TestCaseService"/>
  <testcase name="run" time="6.062" classname="com.yonyou.service.TestCaseService"/>
  <testcase name="run" time="0.015" classname="com.yonyou.service.TestCaseService"/>
  <testcase name="run" time="2.011" classname="com.yonyou.service.TestCaseService"/>
  <testcase name="run" time="2.123" classname="com.yonyou.service.TestCaseService"/>
  <testcase name="run" time="2.031" classname="com.yonyou.service.TestCaseService"/>
  <testcase name="run" time="2.022" classname="com.yonyou.service.TestCaseService"/>
  <testcase name="run" time="2.113" classname="com.yonyou.service.TestCaseService"/>
  <testcase name="run" time="2.082" classname="com.yonyou.service.TestCaseService"/>
  <testcase name="run" time="2.015" classname="com.yonyou.service.TestCaseService"/>
  <testcase name="run" time="1.015" classname="com.yonyou.service.TestCaseService"/>
  <testcase name="run" time="0.059" classname="com.yonyou.service.TestCaseService"/>
  <testcase name="run" time="2.024" classname="com.yonyou.service.TestCaseService"/>
  <testcase name="run" time="2.081" classname="com.yonyou.service.TestCaseService"/>
  <testcase name="run" time="0.022" classname="com.yonyou.service.TestCaseService"/>
  <testcase name="run" time="2.043" classname="com.yonyou.service.TestCaseService"/>
  <testcase name="run" time="0.527" classname="com.yonyou.service.TestCaseService"/>
  <testcase name="run" time="2.107" classname="com.yonyou.service.TestCaseService"/>
  <testcase name="run" time="6.062" classname="com.yonyou.service.TestCaseService"/>
  <testcase name="run" time="2.022" classname="com.yonyou.service.TestCaseService"/>
  <testcase name="run" time="2.107" classname="com.yonyou.service.TestCaseService"/>
  <testcase name="run" time="2.021" classname="com.yonyou.service.TestCaseService"/>
  <testcase name="run" time="0.016" classname="com.yonyou.service.TestCaseService"/>
  <testcase name="run" time="0.016" classname="com.yonyou.service.TestCaseService"/>
  <testcase name="run" time="0.019" classname="com.yonyou.service.TestCaseService"/>
  <testcase name="run" time="0.595" classname="com.yonyou.service.TestCaseService"/>
  <testcase name="run" time="2.033" classname="com.yonyou.service.TestCaseService"/>
  <testcase name="run" time="2.053" classname="com.yonyou.service.TestCaseService"/>
  <testcase name="run" time="2.930" classname="com.yonyou.service.TestCaseService"/>
  <testcase name="run" time="2.053" classname="com.yonyou.service.TestCaseService"/>
  <testcase name="run" time="0.074" classname="com.yonyou.service.TestCaseService"/>
  <testcase name="run" time="0.017" classname="com.yonyou.service.TestCaseService"/>
  <testcase name="run" time="2.091" classname="com.yonyou.service.TestCaseService"/>
  <testcase name="run" time="0.526" classname="com.yonyou.service.TestCaseService"/>
  <testcase name="run" time="0.014" classname="com.yonyou.service.TestCaseService"/>
  <testcase name="run" time="1.051" classname="com.yonyou.service.TestCaseService"/>
  <testcase name="run" time="2.022" classname="com.yonyou.service.TestCaseService"/>
  <testcase name="run" time="0.016" classname="com.yonyou.service.TestCaseService"/>
  <testcase name="run" time="2.021" classname="com.yonyou.service.TestCaseService"/>
  <testcase name="run" time="0.617" classname="com.yonyou.service.TestCaseService"/>
  <testcase name="run" time="0.027" classname="com.yonyou.service.TestCaseService"/>
  <testcase name="run" time="2.065" classname="com.yonyou.service.TestCaseService"/>
  <testcase name="run" time="0.020" classname="com.yonyou.service.TestCaseService"/>
  <testcase name="run" time="0.015" classname="com.yonyou.service.TestCaseService"/>
  <testcase name="run" time="0.019" classname="com.yonyou.service.TestCaseService"/>
  <testcase name="run" time="0.615" classname="com.yonyou.service.TestCaseService"/>
  <testcase name="run" time="0.527" classname="com.yonyou.service.TestCaseService"/>
  <testcase name="run" time="1.015" classname="com.yonyou.service.TestCaseService"/>
  <testcase name="run" time="2.021" classname="com.yonyou.service.TestCaseService"/>
  <testcase name="run" time="2.008" classname="com.yonyou.service.TestCaseService"/>
  <testcase name="run" time="2.048" classname="com.yonyou.service.TestCaseService"/>
  <testcase name="run" time="2.053" classname="com.yonyou.service.TestCaseService"/>
  <testcase name="run" time="0.076" classname="com.yonyou.service.TestCaseService"/>
  <testcase name="run" time="0.019" classname="com.yonyou.service.TestCaseService"/>
  <testcase name="run" time="2.029" classname="com.yonyou.service.TestCaseService"/>
  <testcase name="run" time="0.086" classname="com.yonyou.service.TestCaseService"/>
  <testcase name="run" time="2.033" classname="com.yonyou.service.TestCaseService"/>
  <testcase name="run" time="0.527" classname="com.yonyou.service.TestCaseService"/>
  <testcase name="run" time="1.015" classname="com.yonyou.service.TestCaseService"/>
  <testcase name="run" time="0.017" classname="com.yonyou.service.TestCaseService"/>
  <testcase name="run" time="2.066" classname="com.yonyou.service.TestCaseService"/>
  <testcase name="run" time="0.019" classname="com.yonyou.service.TestCaseService"/>
  <testcase name="run" time="6.079" classname="com.yonyou.service.TestCaseService"/>
  <testcase name="run" time="2.051" classname="com.yonyou.service.TestCaseService"/>
  <testcase name="run" time="2.047" classname="com.yonyou.service.TestCaseService"/>
  <testcase name="run" time="2.072" classname="com.yonyou.service.TestCaseService"/>
  <testcase name="run" time="7.069" classname="com.yonyou.service.TestCaseService"/>
  <testcase name="run" time="2.050" classname="com.yonyou.service.TestCaseService"/>
  <testcase name="run" time="2.035" classname="com.yonyou.service.TestCaseService"/>
  <testcase name="run" time="0.075" classname="com.yonyou.service.TestCaseService"/>
  <testcase name="run" time="2.017" classname="com.yonyou.service.TestCaseService"/>
  <testcase name="run" time="2.053" classname="com.yonyou.service.TestCaseService"/>
  <testcase name="run" time="2.052" classname="com.yonyou.service.TestCaseService"/>
  <testcase name="run" time="0.075" classname="com.yonyou.service.TestCaseService"/>
  <testcase name="run" time="0.022" classname="com.yonyou.service.TestCaseService"/>
  <testcase name="run" time="0.527" classname="com.yonyou.service.TestCaseService"/>
  <testcase name="run" time="0.018" classname="com.yonyou.service.TestCaseService"/>
  <testcase name="run" time="2.022" classname="com.yonyou.service.TestCaseService"/>
  <testcase name="run" time="1.013" classname="com.yonyou.service.TestCaseService"/>
  <testcase name="run" time="2.033" classname="com.yonyou.service.TestCaseService"/>
  <testcase name="run" time="2.118" classname="com.yonyou.service.TestCaseService"/>
  <testcase name="run" time="0.551" classname="com.yonyou.service.TestCaseService"/>
  <testcase name="run" time="0.526" classname="com.yonyou.service.TestCaseService"/>
  <testcase name="run" time="2.020" classname="com.yonyou.service.TestCaseService"/>
  <testcase name="run" time="1.015" classname="com.yonyou.service.TestCaseService"/>
  <testcase name="run" time="2.097" classname="com.yonyou.service.TestCaseService"/>
  <testcase name="run" time="2.024" classname="com.yonyou.service.TestCaseService"/>
  <testcase name="run" time="2.073" classname="com.yonyou.service.TestCaseService"/>
  <testcase name="run" time="0.624" classname="com.yonyou.service.TestCaseService"/>
  <testcase name="run" time="2.051" classname="com.yonyou.service.TestCaseService"/>
  <testcase name="run" time="2.024" classname="com.yonyou.service.TestCaseService"/>
  <testcase name="run" time="0.019" classname="com.yonyou.service.TestCaseService"/>
  <testcase name="run" time="2.069" classname="com.yonyou.service.TestCaseService"/>
  <testcase name="run" time="2.059" classname="com.yonyou.service.TestCaseService"/>
  <testcase name="run" time="2.014" classname="com.yonyou.service.TestCaseService"/>
  <testcase name="run" time="0.526" classname="com.yonyou.service.TestCaseService"/>
  <testcase name="run" time="2.077" classname="com.yonyou.service.TestCaseService"/>
  <testcase name="run" time="0.000" classname="com.yonyou.service.TestCaseService"/>
  <testcase name="run" time="2.039" classname="com.yonyou.service.TestCaseService"/>
  <testcase name="run" time="0.020" classname="com.yonyou.service.TestCaseService"/>
  <testcase name="run" time="2.049" classname="com.yonyou.service.TestCaseService"/>
  <testcase name="run" time="0.019" classname="com.yonyou.service.TestCaseService"/>
  <testcase name="run" time="1.014" classname="com.yonyou.service.TestCaseService"/>
</testsuite> <!-- com.yonyou.service.TestCaseService -->
