<?xml version="1.0" encoding="UTF-8"?>
<!-- Generated by org.testng.reporters.JUnitReportReporter -->
<testsuite skipped="0" hostname="DESKTOP-EBR6J3H" name="test.KeyWords" tests="1" failures="0" timestamp="2019-11-17T14:28:19 CST" time="8.260" errors="0">
  <testcase name="test" time="8.260" classname="test.KeyWords"/>
</testsuite> <!-- test.KeyWords -->
